<?xml version="1.0" encoding="UTF-8"?>
<!-- Generated by org.testng.reporters.JUnitXMLReporter -->
<testsuite ignored="4" hostname="Sulakhe-Family5" failures="0" tests="1" name="Default test" time="4.073" errors="0" timestamp="15 Jul 2024 11:08:38 GMT">
  <testcase classname="restassured.posthook_api" name="scheduleHook" time="4.03"/>
  <testcase classname="restassured.posthook_api" name="getHook" time="0.0">
    <ignored/>
  </testcase> <!-- getHook -->
  <testcase classname="restassured.posthook_api" name="getHooks" time="0.0">
    <ignored/>
  </testcase> <!-- getHooks -->
  <testcase classname="restassured.posthook_api" name="deleteHook" time="0.0">
    <ignored/>
  </testcase> <!-- deleteHook -->
  <testcase classname="restassured.posthook_api" name="updateHook" time="0.0">
    <ignored/>
  </testcase> <!-- updateHook -->
</testsuite> <!-- Default test -->
